<?xml version="1.0" encoding="UTF-8"?>
<!-- Generated by org.testng.reporters.JUnitReportReporter -->
<testsuite hostname="DESKTOP-USU743I" failures="0" tests="1" name="air.malta.testcases.CalenderPageTest" time="0.002" errors="0" timestamp="2024-02-10T12:22:58 GST" skipped="0">
  <testcase classname="air.malta.testcases.CalenderPageTest" name="testSearchWithEmptyForm" time="0.002"/>
  <system-out/>
</testsuite> <!-- air.malta.testcases.CalenderPageTest -->
